mode: atomic
github.com/src-d/k8s-pod-headless-service-operator/cmd/k8s-pod-headless-service-operator/main.go:13.13,15.2 1 0
github.com/src-d/k8s-pod-headless-service-operator/cmd/k8s-pod-headless-service-operator/run.go:22.13,24.2 1 1
github.com/src-d/k8s-pod-headless-service-operator/cmd/k8s-pod-headless-service-operator/run.go:34.79,37.16 3 0
github.com/src-d/k8s-pod-headless-service-operator/cmd/k8s-pod-headless-service-operator/run.go:37.16,39.3 1 0
github.com/src-d/k8s-pod-headless-service-operator/cmd/k8s-pod-headless-service-operator/run.go:40.2,43.34 2 0
github.com/src-d/k8s-pod-headless-service-operator/cmd/k8s-pod-headless-service-operator/run.go:43.34,45.18 2 0
github.com/src-d/k8s-pod-headless-service-operator/cmd/k8s-pod-headless-service-operator/run.go:45.18,47.5 1 0
github.com/src-d/k8s-pod-headless-service-operator/cmd/k8s-pod-headless-service-operator/run.go:49.60,51.18 2 0
github.com/src-d/k8s-pod-headless-service-operator/cmd/k8s-pod-headless-service-operator/run.go:51.18,53.5 1 0
github.com/src-d/k8s-pod-headless-service-operator/cmd/k8s-pod-headless-service-operator/run.go:55.37,57.18 2 0
github.com/src-d/k8s-pod-headless-service-operator/cmd/k8s-pod-headless-service-operator/run.go:57.18,59.5 1 0
github.com/src-d/k8s-pod-headless-service-operator/cmd/k8s-pod-headless-service-operator/run.go:63.2,75.12 9 0
github.com/src-d/k8s-pod-headless-service-operator/cmd/k8s-pod-headless-service-operator/run.go:78.68,79.24 1 1
github.com/src-d/k8s-pod-headless-service-operator/cmd/k8s-pod-headless-service-operator/run.go:79.24,82.3 1 0
github.com/src-d/k8s-pod-headless-service-operator/cmd/k8s-pod-headless-service-operator/run.go:84.2,86.31 3 1
github.com/src-d/k8s-pod-headless-service-operator/cmd/k8s-pod-headless-service-operator/run.go:86.31,93.3 1 0
github.com/src-d/k8s-pod-headless-service-operator/cmd/k8s-pod-headless-service-operator/run.go:93.8,95.3 1 1
github.com/src-d/k8s-pod-headless-service-operator/cmd/k8s-pod-headless-service-operator/run.go:97.2,97.16 1 1
github.com/src-d/k8s-pod-headless-service-operator/cmd/k8s-pod-headless-service-operator/run.go:97.16,99.3 1 1
github.com/src-d/k8s-pod-headless-service-operator/cmd/k8s-pod-headless-service-operator/run.go:101.2,101.40 1 0
github.com/src-d/k8s-pod-headless-service-operator/cmd/k8s-pod-headless-service-operator/run.go:104.64,106.16 2 0
github.com/src-d/k8s-pod-headless-service-operator/cmd/k8s-pod-headless-service-operator/run.go:106.16,108.3 1 0
github.com/src-d/k8s-pod-headless-service-operator/cmd/k8s-pod-headless-service-operator/run.go:110.2,111.19 2 0
github.com/src-d/k8s-pod-headless-service-operator/cmd/k8s-pod-headless-service-operator/run.go:114.60,116.45 2 0
github.com/src-d/k8s-pod-headless-service-operator/cmd/k8s-pod-headless-service-operator/run.go:116.45,119.3 2 0
github.com/src-d/k8s-pod-headless-service-operator/cmd/k8s-pod-headless-service-operator/run.go:121.2,121.28 1 0
github.com/src-d/k8s-pod-headless-service-operator/cmd/k8s-pod-headless-service-operator/run.go:121.28,124.3 2 0
github.com/src-d/k8s-pod-headless-service-operator/cmd/k8s-pod-headless-service-operator/run.go:126.2,127.16 2 0
github.com/src-d/k8s-pod-headless-service-operator/cmd/k8s-pod-headless-service-operator/run.go:127.16,129.3 1 0
github.com/src-d/k8s-pod-headless-service-operator/cmd/k8s-pod-headless-service-operator/run.go:131.2,131.32 1 0
github.com/src-d/k8s-pod-headless-service-operator/cmd/k8s-pod-headless-service-operator/run.go:131.32,134.3 2 0
github.com/src-d/k8s-pod-headless-service-operator/cmd/k8s-pod-headless-service-operator/run.go:136.2,137.16 2 0
github.com/src-d/k8s-pod-headless-service-operator/cmd/k8s-pod-headless-service-operator/run.go:137.16,139.3 1 0
github.com/src-d/k8s-pod-headless-service-operator/cmd/k8s-pod-headless-service-operator/run.go:141.2,141.134 1 0
github.com/src-d/k8s-pod-headless-service-operator/cmd/k8s-pod-headless-service-operator/run.go:141.134,160.17 3 0
github.com/src-d/k8s-pod-headless-service-operator/cmd/k8s-pod-headless-service-operator/run.go:160.17,162.4 1 0
github.com/src-d/k8s-pod-headless-service-operator/cmd/k8s-pod-headless-service-operator/run.go:165.2,165.12 1 0
github.com/src-d/k8s-pod-headless-service-operator/cmd/k8s-pod-headless-service-operator/run.go:168.59,170.45 2 0
github.com/src-d/k8s-pod-headless-service-operator/cmd/k8s-pod-headless-service-operator/run.go:170.45,173.3 2 0
github.com/src-d/k8s-pod-headless-service-operator/cmd/k8s-pod-headless-service-operator/run.go:175.2,175.29 1 0
github.com/src-d/k8s-pod-headless-service-operator/cmd/k8s-pod-headless-service-operator/run.go:175.29,178.3 2 0
github.com/src-d/k8s-pod-headless-service-operator/cmd/k8s-pod-headless-service-operator/run.go:180.2,180.28 1 0
github.com/src-d/k8s-pod-headless-service-operator/cmd/k8s-pod-headless-service-operator/run.go:180.28,183.3 2 0
github.com/src-d/k8s-pod-headless-service-operator/cmd/k8s-pod-headless-service-operator/run.go:185.2,185.31 1 0
github.com/src-d/k8s-pod-headless-service-operator/cmd/k8s-pod-headless-service-operator/run.go:185.31,188.3 2 0
github.com/src-d/k8s-pod-headless-service-operator/cmd/k8s-pod-headless-service-operator/run.go:190.2,191.16 2 0
github.com/src-d/k8s-pod-headless-service-operator/cmd/k8s-pod-headless-service-operator/run.go:191.16,193.3 1 0
github.com/src-d/k8s-pod-headless-service-operator/cmd/k8s-pod-headless-service-operator/run.go:195.2,205.16 2 0
github.com/src-d/k8s-pod-headless-service-operator/cmd/k8s-pod-headless-service-operator/run.go:205.16,207.3 1 0
github.com/src-d/k8s-pod-headless-service-operator/cmd/k8s-pod-headless-service-operator/run.go:210.2,226.12 2 0
github.com/src-d/k8s-pod-headless-service-operator/cmd/k8s-pod-headless-service-operator/run.go:229.60,231.45 2 0
github.com/src-d/k8s-pod-headless-service-operator/cmd/k8s-pod-headless-service-operator/run.go:231.45,234.3 2 0
github.com/src-d/k8s-pod-headless-service-operator/cmd/k8s-pod-headless-service-operator/run.go:236.2,236.32 1 0
github.com/src-d/k8s-pod-headless-service-operator/cmd/k8s-pod-headless-service-operator/run.go:236.32,239.3 2 0
github.com/src-d/k8s-pod-headless-service-operator/cmd/k8s-pod-headless-service-operator/run.go:241.2,242.16 2 0
github.com/src-d/k8s-pod-headless-service-operator/cmd/k8s-pod-headless-service-operator/run.go:242.16,244.3 1 0
github.com/src-d/k8s-pod-headless-service-operator/cmd/k8s-pod-headless-service-operator/run.go:246.2,246.101 1 0
